

ipn - Nov 03 2017 03:17:21
 Written POST to paypal
 Paypal response VERIFIED
 Stock updated successfully 
 


ipn - Nov 07 2017 12:52:51
 Written POST to paypal
 Paypal response VERIFIED
 Stock updated successfully 
 


ipn - Dec 16 2017 04:28:28
 Written POST to paypal
 Paypal response VERIFIED
 Stock updated successfully 
 


ipn - Dec 18 2017 00:03:59
 Written POST to paypal
 Paypal response VERIFIED
 Stock updated successfully 
 


ipn - Dec 21 2017 03:18:38
 Written POST to paypal
 Paypal response VERIFIED
 mc_gross doesn't match rxd mc_gross:108.92
 


ipn - Dec 27 2017 21:09:12
 Written POST to paypal
 Paypal response VERIFIED
 Stock updated successfully 
 


ipn - Dec 28 2017 15:43:54
 Written POST to paypal
 Paypal response VERIFIED
 Stock updated successfully 
 


ipn - Dec 28 2017 15:59:10
 Written POST to paypal
 Paypal response VERIFIED
 Stock updated successfully 
 


ipn - Jan 04 2018 20:21:40
 Written POST to paypal
 Paypal response VERIFIED
 Stock updated successfully 
 


ipn - Jan 05 2018 21:23:11
 Written POST to paypal
 Paypal response VERIFIED
 Stock updated successfully 
 


ipn - Jan 06 2018 06:08:20
 Written POST to paypal
 Paypal response VERIFIED
 Stock updated successfully 
 


ipn - Jan 06 2018 21:18:47
 Written POST to paypal
 Paypal response VERIFIED
 payment status not 'Completed' status:EScheck_Refunded

					LOCAL ENTRY NOT PRESENT!
 


ipn - Jan 25 2018 14:43:55
 Written POST to paypal
 Paypal response VERIFIED
 Stock updated successfully 
 


ipn - Jan 25 2018 16:53:21
 Written POST to paypal
 Paypal response VERIFIED
 Stock updated successfully 
 


ipn - Jan 31 2018 05:55:40
 Written POST to paypal
 Paypal response VERIFIED
 Stock updated successfully 
 


ipn - Feb 11 2018 21:44:46
 Written POST to paypal
 Paypal response VERIFIED
 Stock updated successfully 
 


ipn - Feb 15 2018 15:34:15
 Written POST to paypal
 Paypal response VERIFIED
 Stock updated successfully 
 


ipn - Feb 18 2018 02:21:18
 Written POST to paypal
 Paypal response VERIFIED
 Stock updated successfully 
 


ipn - Feb 28 2018 00:03:49
 Written POST to paypal
 Paypal response VERIFIED
 Stock updated successfully 
 


ipn - Feb 28 2018 16:56:48
 Written POST to paypal
 Paypal response VERIFIED
 Stock updated successfully 
 


ipn - Mar 04 2018 16:27:07
 Written POST to paypal
 Paypal response VERIFIED
 Stock updated successfully 
 


ipn - Mar 11 2018 23:08:41
 Written POST to paypal
 Paypal response VERIFIED
 mc_gross doesn't match rxd mc_gross:165.10
 


ipn - Mar 16 2018 14:16:13
 Written POST to paypal
 Paypal response VERIFIED
 mc_gross doesn't match rxd mc_gross:165.10
 


ipn - Mar 21 2018 16:24:24
 Written POST to paypal
 Paypal response VERIFIED
 Stock updated successfully 
 


ipn - Mar 26 2018 04:03:12
 Written POST to paypal
 Paypal response VERIFIED
 Stock updated successfully 
 


ipn - Mar 30 2018 04:23:25
 Written POST to paypal
 Paypal response VERIFIED
 Stock updated successfully 
 


ipn - Mar 31 2018 16:43:43
 Written POST to paypal
 Paypal response VERIFIED
 Stock updated successfully 
 


ipn - Apr 03 2018 02:10:49
 Written POST to paypal
 Paypal response VERIFIED
 mc_gross doesn't match rxd mc_gross:196.75
 


ipn - Apr 04 2018 16:54:44
 Written POST to paypal
 Paypal response VERIFIED
 Stock updated successfully 
 


ipn - Apr 08 2018 18:15:57
 Written POST to paypal
 Paypal response VERIFIED
 Stock updated successfully 
 


ipn - Apr 11 2018 16:34:33
 Written POST to paypal
 Paypal response VERIFIED
 Stock updated successfully 
 


ipn - Apr 13 2018 02:53:29
 Written POST to paypal
 Paypal response VERIFIED
 Stock updated successfully 
 


ipn - Apr 13 2018 19:38:56
 Written POST to paypal
 Paypal response VERIFIED
 Stock updated successfully 
 


ipn - Apr 19 2018 19:00:56
 Written POST to paypal
 Paypal response VERIFIED
 Stock updated successfully 
 


ipn - May 03 2018 04:30:09
 Written POST to paypal
 Paypal response VERIFIED
 Stock updated successfully 
 


ipn - May 04 2018 17:20:22
 Written POST to paypal
 Paypal response VERIFIED
 Stock updated successfully 
 


ipn - May 06 2018 08:14:34
 Written POST to paypal
 Paypal response VERIFIED
 mc_gross doesn't match rxd mc_gross:171.59
 


ipn - May 07 2018 20:05:09
 Written POST to paypal
 Paypal response VERIFIED
 mc_gross doesn't match rxd mc_gross:87.47
 


ipn - May 10 2018 17:52:42
 Written POST to paypal
 Paypal response VERIFIED
 Stock updated successfully 
 


ipn - May 15 2018 18:54:03
 Written POST to paypal
 Paypal response VERIFIED
 Stock updated successfully 
 


ipn - May 22 2018 03:29:13
 Written POST to paypal
 Paypal response VERIFIED
 Stock updated successfully 
 


ipn - May 22 2018 16:07:31
 Written POST to paypal
 Paypal response VERIFIED
 Stock updated successfully 
 


ipn - May 25 2018 19:22:28
 Written POST to paypal
 Paypal response VERIFIED
 Stock updated successfully 
 


ipn - May 28 2018 20:47:52
 Written POST to paypal
 Paypal response VERIFIED
 mc_gross doesn't match rxd mc_gross:161.75
 


ipn - May 29 2018 01:01:47
 Written POST to paypal
 Paypal response VERIFIED
 Stock updated successfully 
 


ipn - May 30 2018 13:36:26
 Written POST to paypal
 Paypal response VERIFIED
 Stock updated successfully 
 


ipn - May 31 2018 14:19:01
 Written POST to paypal
 Paypal response VERIFIED
 mc_gross doesn't match rxd mc_gross:74.20
 


ipn - Jun 05 2018 23:11:46
 Written POST to paypal
 Paypal response VERIFIED
 Stock updated successfully 
 


ipn - Jun 12 2018 15:38:22
 Written POST to paypal
 Paypal response VERIFIED
 Stock updated successfully 
 


ipn - Jun 13 2018 14:43:26
 Written POST to paypal
 Paypal response VERIFIED
 Stock updated successfully 
 


ipn - Jun 13 2018 17:28:57
 Written POST to paypal
 Paypal response VERIFIED
 Stock updated successfully 
 


ipn - Jun 14 2018 16:22:00
 Written POST to paypal
 Paypal response VERIFIED
 Stock updated successfully 
 


ipn - Jun 25 2018 15:23:26
 Written POST to paypal
 Paypal response VERIFIED
 Stock updated successfully 
 


ipn - Jun 25 2018 18:51:28
 Written POST to paypal
 Paypal response VERIFIED
 Stock updated successfully 
 


ipn - Jun 26 2018 16:55:01
 Written POST to paypal
 Paypal response VERIFIED
 Stock updated successfully 
 


ipn - Jun 28 2018 15:44:40
 Written POST to paypal
 Paypal response VERIFIED
 Stock updated successfully 
 


ipn - Jul 01 2018 03:01:33
 Written POST to paypal
 Paypal response VERIFIED
 Stock updated successfully 
 


ipn - Jul 01 2018 18:55:30
 Written POST to paypal
 Paypal response VERIFIED
 Stock updated successfully 
 


ipn - Jul 20 2018 19:26:56
 Written POST to paypal
 Paypal response VERIFIED
 mc_gross doesn't match rxd mc_gross:52.95
 


ipn - Jul 23 2018 13:28:59
 Written POST to paypal
 Paypal response VERIFIED
 payment status not 'Completed' status:EScheck_Refunded
 


ipn - Jul 26 2018 20:56:45
 Written POST to paypal
 Paypal response VERIFIED
 Stock updated successfully 
 


ipn - Jul 26 2018 21:13:42
 Written POST to paypal
 Paypal response VERIFIED
 Stock updated successfully 
 


ipn - Jul 29 2018 16:38:34
 Written POST to paypal
 Paypal response VERIFIED
 Stock updated successfully 
 


ipn - Jul 30 2018 14:26:39
 Written POST to paypal
 Paypal response VERIFIED
 Stock updated successfully 
 


ipn - Aug 06 2018 23:33:52
 Written POST to paypal
 Paypal response VERIFIED
 Stock updated successfully 
 


ipn - Aug 07 2018 16:00:28
 Written POST to paypal
 Paypal response VERIFIED
 Stock updated successfully 
 


ipn - Aug 16 2018 12:34:09
 Written POST to paypal
 Paypal response VERIFIED
 Stock updated successfully 
 


ipn - Aug 17 2018 12:27:57
 Written POST to paypal
 Paypal response VERIFIED
 Stock updated successfully 
 


ipn - Aug 18 2018 15:42:11
 Written POST to paypal
 Paypal response VERIFIED
 Stock updated successfully 
 


ipn - Aug 22 2018 17:26:40
 Written POST to paypal
 Paypal response VERIFIED
 Stock updated successfully 
 


ipn - Aug 27 2018 17:22:07
 Written POST to paypal
 Paypal response VERIFIED
 Stock updated successfully 
 


ipn - Aug 28 2018 15:32:47
 Written POST to paypal
 Paypal response VERIFIED
 Stock updated successfully 
 


ipn - Aug 28 2018 20:37:25
 Written POST to paypal
 Paypal response VERIFIED
 Stock updated successfully 
 


ipn - Aug 30 2018 14:54:33
 Written POST to paypal
 Paypal response VERIFIED
 Stock updated successfully 
 


ipn - Aug 31 2018 15:30:46
 Written POST to paypal
 Paypal response VERIFIED
 Stock updated successfully 
 


ipn - Aug 31 2018 21:35:36
 Written POST to paypal
 Paypal response VERIFIED
 Stock updated successfully 
 


ipn - Aug 31 2018 22:33:27
 Written POST to paypal
 Paypal response VERIFIED
 Stock updated successfully 
 


ipn - Sep 05 2018 01:52:03
 Written POST to paypal
 Paypal response VERIFIED
 Stock updated successfully 
 


ipn - Sep 09 2018 21:32:18
 Written POST to paypal
 Paypal response VERIFIED
 Stock updated successfully 
 


ipn - Oct 09 2018 00:07:53
 Written POST to paypal
 Paypal response VERIFIED
 Stock updated successfully 
 


ipn - Oct 09 2018 22:24:55
 Written POST to paypal
 Paypal response VERIFIED
 Stock updated successfully 
 


ipn - Oct 12 2018 18:56:43
 Written POST to paypal
 Paypal response VERIFIED
 Stock updated successfully 
 


ipn - Oct 16 2018 16:42:39
 Written POST to paypal
 Paypal response VERIFIED
 Stock updated successfully 
 


ipn - Oct 22 2018 01:40:00
 Written POST to paypal
 Paypal response VERIFIED
 Stock updated successfully 
 


ipn - Oct 24 2018 03:57:13
 Written POST to paypal
 Paypal response VERIFIED
 Stock updated successfully 
 


ipn - Nov 01 2018 16:18:56
 Written POST to paypal
 Paypal response VERIFIED
 mc_gross doesn't match rxd mc_gross:144.75
 


ipn - Nov 06 2018 00:37:19
 Written POST to paypal
 Paypal response VERIFIED
 Stock updated successfully 
 


ipn - Nov 09 2018 17:43:35
 Written POST to paypal
 Paypal response VERIFIED
 Stock updated successfully 
 


ipn - Nov 11 2018 05:32:37
 Written POST to paypal
 Paypal response VERIFIED
 Stock updated successfully 
 


ipn - Nov 26 2018 23:08:43
 Written POST to paypal
 Paypal response VERIFIED
 Stock updated successfully 
 


ipn - Nov 27 2018 20:28:09
 Written POST to paypal
 Paypal response VERIFIED
 Stock updated successfully 
 


ipn - Nov 27 2018 20:28:18
 Written POST to paypal
 Paypal response VERIFIED
 mc_gross doesn't match rxd mc_gross:152.75
 


ipn - Nov 28 2018 17:37:44
 Written POST to paypal
 Paypal response VERIFIED
 Stock updated successfully 
 


ipn - Dec 07 2018 21:12:37
 Written POST to paypal
 Paypal response VERIFIED
 Stock updated successfully 
 


ipn - Dec 19 2018 22:59:54
 Written POST to paypal
 Paypal response VERIFIED
 Stock updated successfully 
 


ipn - Jan 09 2019 19:58:31
 Written POST to paypal
 Paypal response VERIFIED
 Stock updated successfully 
 


ipn - Jan 10 2019 20:35:48
 Written POST to paypal
 Paypal response VERIFIED
 Stock updated successfully 
 


ipn - Jan 21 2019 18:52:14
 Written POST to paypal
 Paypal response VERIFIED
 Stock updated successfully 
 


ipn - Jan 21 2019 22:00:51
 Written POST to paypal
 Paypal response VERIFIED
 Stock updated successfully 
 


ipn - Jan 28 2019 11:28:48
 Written POST to paypal
 Paypal response VERIFIED
 Stock updated successfully 
 


ipn - Feb 02 2019 02:20:37
 Written POST to paypal
 Paypal response VERIFIED
 Stock updated successfully 
 


ipn - Feb 06 2019 17:34:06
 Written POST to paypal
 Paypal response VERIFIED
 Stock updated successfully 
 


ipn - Feb 08 2019 15:11:07
 Written POST to paypal
 Paypal response VERIFIED
 Stock updated successfully 
 


ipn - Feb 10 2019 00:35:54
 Written POST to paypal
 Paypal response VERIFIED
 Stock updated successfully 
 


ipn - Feb 19 2019 14:31:52
 Written POST to paypal
 Paypal response VERIFIED
 Stock updated successfully 
 


ipn - Feb 21 2019 17:51:10
 Written POST to paypal
 Paypal response VERIFIED
 Stock updated successfully 
 


ipn - Feb 21 2019 17:57:33
 Written POST to paypal
 Paypal response VERIFIED
 Stock updated successfully 
 


ipn - Feb 24 2019 20:59:41
 Written POST to paypal
 Paypal response VERIFIED
 Stock updated successfully 
 


ipn - Feb 25 2019 02:57:42
 Written POST to paypal
 Paypal response VERIFIED
 Stock updated successfully 
 


ipn - Mar 05 2019 14:00:41
 Written POST to paypal
 Paypal response VERIFIED
 Stock updated successfully 
 


ipn - Mar 07 2019 15:14:22
 Written POST to paypal
 Paypal response VERIFIED
 Stock updated successfully 
 


ipn - Mar 14 2019 14:21:20
 Written POST to paypal
 Paypal response VERIFIED
 Stock updated successfully 
 


ipn - Mar 18 2019 21:10:26
 Written POST to paypal
 Paypal response VERIFIED
 Stock updated successfully 
 


ipn - Mar 19 2019 00:10:52
 Written POST to paypal
 Paypal response VERIFIED
 Stock updated successfully 
 


ipn - Apr 01 2019 13:11:10
 Written POST to paypal
 Paypal response VERIFIED
 Stock updated successfully 
 


ipn - Apr 02 2019 17:52:28
 Written POST to paypal
 Paypal response VERIFIED
 Stock updated successfully 
 


ipn - Apr 04 2019 14:46:43
 Written POST to paypal
 Paypal response VERIFIED
 Stock updated successfully 
 


ipn - Apr 17 2019 21:38:05
 Written POST to paypal
 Paypal response VERIFIED
 Stock updated successfully 
 


ipn - Apr 24 2019 04:22:10
 Written POST to paypal
 Paypal response VERIFIED
 Stock updated successfully 
 


ipn - May 01 2019 20:39:42
 Written POST to paypal
 Paypal response VERIFIED
 mc_gross doesn't match rxd mc_gross:153.75
 


ipn - May 12 2019 16:12:34
 Written POST to paypal
 Paypal response VERIFIED
 payment status not 'Completed' status:EScheck_Reversed

					LOCAL ENTRY NOT PRESENT!
 


ipn - May 12 2019 16:13:01
 Written POST to paypal
 Paypal response VERIFIED
 payment status not 'Completed' status:EScheck_

					LOCAL ENTRY NOT PRESENT!
 


ipn - May 12 2019 23:23:38
 Written POST to paypal
 Paypal response VERIFIED
 Stock updated successfully 
 


ipn - May 16 2019 17:41:54
 Written POST to paypal
 Paypal response VERIFIED
 payment status not 'Completed' status:EScheck_Canceled_Reversal

					LOCAL ENTRY NOT PRESENT!
 


ipn - May 27 2019 13:49:54
 Written POST to paypal
 Paypal response VERIFIED
 Stock updated successfully 
 


ipn - May 31 2019 06:08:27
 Written POST to paypal
 Paypal response VERIFIED
 Stock updated successfully 
 


ipn - Jun 01 2019 02:37:06
 Written POST to paypal
 Paypal response VERIFIED
 Stock updated successfully 
 


ipn - Jul 03 2019 19:33:56
 Written POST to paypal
 Paypal response VERIFIED
 mc_gross doesn't match rxd mc_gross:355.95
 


ipn - Jul 09 2019 13:51:31
 Written POST to paypal
 Paypal response VERIFIED
 Stock updated successfully 
 


ipn - Jul 11 2019 21:06:51
 Written POST to paypal
 Paypal response VERIFIED
 Stock updated successfully 
 


ipn - Jul 17 2019 16:35:15
 Written POST to paypal
 Paypal response VERIFIED
 Stock updated successfully 
 


ipn - Jul 17 2019 17:11:48
 Written POST to paypal
 Paypal response VERIFIED
 Stock updated successfully 
 


ipn - Aug 09 2019 10:02:22
 Written POST to paypal
 Paypal response VERIFIED
 Stock updated successfully 
 


ipn - Aug 11 2019 12:37:55
 Written POST to paypal
 Paypal response VERIFIED
 Stock updated successfully 
 


ipn - Aug 11 2019 13:25:55
 Written POST to paypal
 Paypal response VERIFIED
 Stock updated successfully 
 


ipn - Aug 16 2019 15:36:37
 Written POST to paypal
 Paypal response VERIFIED
 Stock updated successfully 
 


ipn - Aug 16 2019 22:55:11
 Written POST to paypal
 Paypal response VERIFIED
 Stock updated successfully 
 


ipn - Aug 16 2019 22:58:07
 Written POST to paypal
 Paypal response VERIFIED
 Stock updated successfully 
 


ipn - Aug 23 2019 13:28:12
 Written POST to paypal
 Paypal response VERIFIED
 Stock updated successfully 
 


ipn - Aug 28 2019 18:29:54
 Written POST to paypal
 Paypal response VERIFIED
 Stock updated successfully 
 


ipn - Aug 28 2019 23:09:59
 Written POST to paypal
 Paypal response VERIFIED
 Stock updated successfully 
 


ipn - Aug 29 2019 15:34:16
 Written POST to paypal
 Paypal response VERIFIED
 Stock updated successfully 
 


ipn - Aug 30 2019 20:42:25
 Written POST to paypal
 Paypal response VERIFIED
 Stock updated successfully 
 


ipn - Sep 07 2019 21:06:56
 Written POST to paypal
 Paypal response VERIFIED
 Stock updated successfully 
 


ipn - Sep 07 2019 21:40:55
 Written POST to paypal
 Paypal response VERIFIED
 Stock updated successfully 
 


ipn - Sep 15 2019 20:25:06
 Written POST to paypal
 Paypal response VERIFIED
 Stock updated successfully 
 


ipn - Sep 16 2019 02:05:31
 Written POST to paypal
 Paypal response VERIFIED
 Stock updated successfully 
 


ipn - Sep 24 2019 14:31:54
 Written POST to paypal
 Paypal response VERIFIED
 Stock updated successfully 
 


ipn - Oct 05 2019 21:41:11
 Written POST to paypal
 Paypal response VERIFIED
 Stock updated successfully 
 


ipn - Oct 09 2019 04:55:38
 Written POST to paypal
 Paypal response VERIFIED
 Stock updated successfully 
 


ipn - Oct 10 2019 16:58:00
 Written POST to paypal
 Paypal response VERIFIED
 Stock updated successfully 
 


ipn - Oct 10 2019 23:58:52
 Written POST to paypal
 Paypal response VERIFIED
 Stock updated successfully 
 


ipn - Oct 14 2019 15:58:46
 Written POST to paypal
 Paypal response VERIFIED
 Stock updated successfully 
 


ipn - Oct 15 2019 22:39:13
 Written POST to paypal
 Paypal response VERIFIED
 Stock updated successfully 
 


ipn - Oct 22 2019 00:39:40
 Written POST to paypal
 Paypal response VERIFIED
 Stock updated successfully 
 


ipn - Oct 23 2019 16:52:20
 Written POST to paypal
 Paypal response VERIFIED
 Stock updated successfully 
 


ipn - Oct 23 2019 17:33:58
 Written POST to paypal
 Paypal response VERIFIED
 Stock updated successfully 
 


ipn - Oct 24 2019 08:42:55
 Written POST to paypal
 Paypal response VERIFIED
 Stock updated successfully 
 


ipn - Oct 28 2019 04:35:02
 Written POST to paypal
 Paypal response VERIFIED
 Stock updated successfully 
 


ipn - Nov 01 2019 23:12:52
 Written POST to paypal
 Paypal response VERIFIED
 Stock updated successfully 
 


ipn - Nov 01 2019 23:16:13
 Written POST to paypal
 Paypal response VERIFIED
 Stock updated successfully 
 


ipn - Nov 05 2019 16:04:43
 Written POST to paypal
 Paypal response VERIFIED
 Stock updated successfully 
 


ipn - Nov 18 2019 23:07:53
 Written POST to paypal
 Paypal response VERIFIED
 Stock updated successfully 
 


ipn - Nov 23 2019 23:57:28
 Written POST to paypal
 Paypal response VERIFIED
 Stock updated successfully 
 


ipn - Nov 24 2019 19:53:20
 Written POST to paypal
 Paypal response VERIFIED
 mc_gross doesn't match rxd mc_gross:165.75
 


ipn - Nov 25 2019 13:12:50
 Written POST to paypal
 Paypal response VERIFIED
 Stock updated successfully 
 


ipn - Nov 30 2019 23:56:24
 Written POST to paypal
 Paypal response VERIFIED
 Stock updated successfully 
 


ipn - Dec 05 2019 12:41:33
 Written POST to paypal
 Paypal response VERIFIED
 Stock updated successfully 
 


ipn - Dec 20 2019 03:49:02
 Written POST to paypal
 Paypal response VERIFIED
 Stock updated successfully 
 


ipn - Dec 27 2019 23:54:08
 Written POST to paypal
 Paypal response VERIFIED
 Stock updated successfully 
 


ipn - Jan 02 2020 13:18:07
 Written POST to paypal
 Paypal response VERIFIED
 Stock updated successfully 
 


ipn - Jan 03 2020 22:24:36
 Written POST to paypal
 Paypal response VERIFIED
 Stock updated successfully 
 


ipn - Jan 06 2020 19:59:14
 Written POST to paypal
 Paypal response VERIFIED
 Stock updated successfully 
 


ipn - Jan 10 2020 15:15:58
 Written POST to paypal
 Paypal response VERIFIED
 Stock updated successfully 
 


ipn - Jan 13 2020 19:12:16
 Written POST to paypal
 Paypal response VERIFIED
 Stock updated successfully 
 


ipn - Jan 15 2020 22:41:06
 Written POST to paypal
 Paypal response VERIFIED
 Stock updated successfully 
 


ipn - Jan 17 2020 19:11:56
 Written POST to paypal
 Paypal response VERIFIED
 Stock updated successfully 
 


ipn - Jan 19 2020 13:08:18
 Written POST to paypal
 Paypal response VERIFIED
 Stock updated successfully 
 


ipn - Jan 20 2020 19:49:56
 Written POST to paypal
 Paypal response VERIFIED
 Stock updated successfully 
 


ipn - Jan 22 2020 08:30:05
 Written POST to paypal
 Paypal response VERIFIED
 Stock updated successfully 
 


ipn - Jan 22 2020 14:42:11
 Written POST to paypal
 Paypal response VERIFIED
 Stock updated successfully 
 


ipn - Jan 27 2020 16:01:38
 Written POST to paypal
 Paypal response VERIFIED
 Stock updated successfully 
 


ipn - Jan 31 2020 19:10:41
 Written POST to paypal
 Paypal response VERIFIED
 Stock updated successfully 
 


ipn - Feb 02 2020 08:23:49
 Written POST to paypal
 Paypal response VERIFIED
 Stock updated successfully 
 


ipn - Feb 06 2020 14:38:03
 Written POST to paypal
 Paypal response VERIFIED
 Stock updated successfully 
 


ipn - Feb 07 2020 00:32:58
 Written POST to paypal
 Paypal response VERIFIED
 Stock updated successfully 
 


ipn - Feb 07 2020 18:47:32
 Written POST to paypal
 Paypal response VERIFIED
 Stock updated successfully 
 


ipn - Feb 10 2020 03:05:25
 Written POST to paypal
 Paypal response VERIFIED
 Stock updated successfully 
 


ipn - Feb 10 2020 17:51:01
 Written POST to paypal
 Paypal response VERIFIED
 Stock updated successfully 
 


ipn - Feb 10 2020 20:07:56
 Written POST to paypal
 Paypal response VERIFIED
 Stock updated successfully 
 


ipn - Feb 28 2020 14:19:07
 Written POST to paypal
 Paypal response VERIFIED
 Stock updated successfully 
 


ipn - Mar 01 2020 06:19:21
 Written POST to paypal
 Paypal response VERIFIED
 mc_gross doesn't match rxd mc_gross:30.95
 


ipn - Jul 23 2020 23:10:18
 Written POST to paypal
 Paypal response VERIFIED
 Stock updated successfully 
 


ipn - Sep 07 2020 23:09:13
 Written POST to paypal
 Paypal response VERIFIED
 Stock updated successfully 
 


ipn - Oct 02 2020 14:29:08
 Written POST to paypal
 Paypal response VERIFIED
 Stock updated successfully 
 


ipn - Nov 11 2020 20:31:58
 Written POST to paypal
 Paypal response VERIFIED
 Stock updated successfully 
 
